/Library/Frameworks/Python.framework/Versions/3.8/bin/python3: can't open file '/Users/jihoon/Downloads/SWE/main-svr/backend/manage.py': [Errno 1] Operation not permitted
/Library/Frameworks/Python.framework/Versions/3.8/bin/python3: can't open file '/Users/jihoon/Downloads/SWE/main-svr/backend/manage.py': [Errno 1] Operation not permitted
/Library/Frameworks/Python.framework/Versions/3.8/bin/python3: can't open file '/Users/jihoon/Downloads/SWE/main-svr/backend/manage.py': [Errno 1] Operation not permitted
/Library/Frameworks/Python.framework/Versions/3.8/bin/python3: can't open file '/Users/jihoon/Downloads/SWE/main-svr/backend/manage.py': [Errno 1] Operation not permitted
/Library/Frameworks/Python.framework/Versions/3.8/bin/python3: can't open file '/Users/jihoon/Downloads/SWE/main-svr/backend/manage.py': [Errno 1] Operation not permitted
/Library/Frameworks/Python.framework/Versions/3.8/bin/python3: can't open file '/Users/jihoon/Downloads/SWE/main-svr/backend/manage.py': [Errno 1] Operation not permitted
/Library/Frameworks/Python.framework/Versions/3.8/bin/python3: can't open file '/Users/jihoon/Downloads/SWE/main-svr/backend/manage.py': [Errno 1] Operation not permitted
/Library/Frameworks/Python.framework/Versions/3.8/bin/python3: can't open file '/Users/jihoon/Downloads/SWE/main-svr/backend/manage.py': [Errno 1] Operation not permitted
/Library/Frameworks/Python.framework/Versions/3.8/bin/python3: can't open file '/Users/jihoon/Downloads/SWE/main-svr/backend/manage.py': [Errno 1] Operation not permitted
/Library/Frameworks/Python.framework/Versions/3.8/bin/python3: can't open file '/Users/jihoon/Downloads/SWE/main-svr/backend/manage.py': [Errno 1] Operation not permitted
/Library/Frameworks/Python.framework/Versions/3.8/bin/python3: can't open file '/Users/jihoon/Downloads/SWE/main-svr/backend/manage.py': [Errno 1] Operation not permitted
/Library/Frameworks/Python.framework/Versions/3.8/bin/python3: can't open file '/Users/jihoon/Downloads/SWE/main-svr/backend/manage.py': [Errno 1] Operation not permitted
/Library/Frameworks/Python.framework/Versions/3.8/bin/python3: can't open file '/Users/jihoon/Downloads/SWE/main-svr/backend/manage.py': [Errno 1] Operation not permitted
/Library/Frameworks/Python.framework/Versions/3.8/bin/python3: can't open file '/Users/jihoon/Downloads/SWE/main-svr/backend/manage.py': [Errno 1] Operation not permitted
/Library/Frameworks/Python.framework/Versions/3.8/bin/python3: can't open file '/Users/jihoon/Downloads/SWE/main-svr/backend/manage.py': [Errno 1] Operation not permitted
/Library/Frameworks/Python.framework/Versions/3.8/bin/python3: can't open file '/Users/jihoon/Downloads/SWE/main-svr/backend/manage.py': [Errno 1] Operation not permitted
/Library/Frameworks/Python.framework/Versions/3.8/bin/python3: can't open file '/Users/jihoon/Downloads/SWE/main-svr/backend/manage.py': [Errno 1] Operation not permitted
/Library/Frameworks/Python.framework/Versions/3.8/bin/python3: can't open file '/Users/jihoon/Downloads/SWE/main-svr/backend/manage.py': [Errno 1] Operation not permitted
/Library/Frameworks/Python.framework/Versions/3.8/bin/python3: can't open file '/Users/jihoon/Downloads/SWE/main-svr/backend/manage.py': [Errno 1] Operation not permitted
/Library/Frameworks/Python.framework/Versions/3.8/bin/python3: can't open file '/Users/jihoon/Downloads/SWE/main-svr/backend/manage.py': [Errno 1] Operation not permitted
/Library/Frameworks/Python.framework/Versions/3.8/bin/python3: can't open file '/Users/jihoon/Downloads/SWE/main-svr/backend/manage.py': [Errno 1] Operation not permitted
/Library/Frameworks/Python.framework/Versions/3.8/bin/python3: can't open file '/Users/jihoon/Downloads/SWE/main-svr/backend/manage.py': [Errno 1] Operation not permitted
/Library/Frameworks/Python.framework/Versions/3.8/bin/python3: can't open file '/Users/jihoon/Downloads/SWE/main-svr/backend/manage.py': [Errno 1] Operation not permitted
/Library/Frameworks/Python.framework/Versions/3.8/bin/python3: can't open file '/Users/jihoon/Downloads/SWE/main-svr/backend/manage.py': [Errno 1] Operation not permitted
/Library/Frameworks/Python.framework/Versions/3.8/bin/python3: can't open file '/Users/jihoon/Downloads/SWE/main-svr/backend/manage.py': [Errno 1] Operation not permitted
/Library/Frameworks/Python.framework/Versions/3.8/bin/python3: can't open file '/Users/jihoon/Downloads/SWE/main-svr/backend/manage.py': [Errno 1] Operation not permitted
/Library/Frameworks/Python.framework/Versions/3.8/bin/python3: can't open file '/Users/jihoon/Downloads/SWE/main-svr/backend/manage.py': [Errno 1] Operation not permitted
/Library/Frameworks/Python.framework/Versions/3.8/bin/python3: can't open file '/Users/jihoon/Downloads/SWE/main-svr/backend/manage.py': [Errno 1] Operation not permitted
/Library/Frameworks/Python.framework/Versions/3.8/bin/python3: can't open file '/Users/jihoon/Downloads/SWE/main-svr/backend/manage.py': [Errno 1] Operation not permitted
/Library/Frameworks/Python.framework/Versions/3.8/bin/python3: can't open file '/Users/jihoon/Downloads/SWE/main-svr/backend/manage.py': [Errno 1] Operation not permitted
/Library/Frameworks/Python.framework/Versions/3.8/bin/python3: can't open file '/Users/jihoon/Downloads/SWE/main-svr/backend/manage.py': [Errno 1] Operation not permitted
/Library/Frameworks/Python.framework/Versions/3.8/bin/python3: can't open file '/Users/jihoon/Downloads/SWE/main-svr/backend/manage.py': [Errno 1] Operation not permitted
/Library/Frameworks/Python.framework/Versions/3.8/bin/python3: can't open file '/Users/jihoon/Downloads/SWE/main-svr/backend/manage.py': [Errno 1] Operation not permitted
/Library/Frameworks/Python.framework/Versions/3.8/bin/python3: can't open file '/Users/jihoon/Downloads/SWE/main-svr/backend/manage.py': [Errno 1] Operation not permitted
/Library/Frameworks/Python.framework/Versions/3.8/bin/python3: can't open file '/Users/jihoon/Downloads/SWE/main-svr/backend/manage.py': [Errno 1] Operation not permitted
/Library/Frameworks/Python.framework/Versions/3.8/bin/python3: can't open file '/Users/jihoon/Downloads/SWE/main-svr/backend/manage.py': [Errno 1] Operation not permitted
/Library/Frameworks/Python.framework/Versions/3.8/bin/python3: can't open file '/Users/jihoon/Downloads/SWE/main-svr/backend/manage.py': [Errno 1] Operation not permitted
/Library/Frameworks/Python.framework/Versions/3.8/bin/python3: can't open file '/Users/jihoon/Downloads/SWE/main-svr/backend/manage.py': [Errno 1] Operation not permitted
/Library/Frameworks/Python.framework/Versions/3.8/bin/python3: can't open file '/Users/jihoon/Downloads/SWE/main-svr/backend/manage.py': [Errno 1] Operation not permitted
/Library/Frameworks/Python.framework/Versions/3.8/bin/python3: can't open file '/Users/jihoon/Downloads/SWE/main-svr/backend/manage.py': [Errno 1] Operation not permitted
/Library/Frameworks/Python.framework/Versions/3.8/bin/python3: can't open file '/Users/jihoon/Downloads/SWE/main-svr/backend/manage.py': [Errno 1] Operation not permitted
/Library/Frameworks/Python.framework/Versions/3.8/bin/python3: can't open file '/Users/jihoon/Downloads/SWE/main-svr/backend/manage.py': [Errno 1] Operation not permitted
/Library/Frameworks/Python.framework/Versions/3.8/bin/python3: can't open file '/Users/jihoon/Downloads/SWE/main-svr/backend/manage.py': [Errno 1] Operation not permitted
/Library/Frameworks/Python.framework/Versions/3.8/bin/python3: can't open file '/Users/jihoon/Downloads/SWE/main-svr/backend/manage.py': [Errno 1] Operation not permitted
/Library/Frameworks/Python.framework/Versions/3.8/bin/python3: can't open file '/Users/jihoon/Downloads/SWE/main-svr/backend/manage.py': [Errno 1] Operation not permitted
/Library/Frameworks/Python.framework/Versions/3.8/bin/python3: can't open file '/Users/jihoon/Downloads/SWE/main-svr/backend/manage.py': [Errno 1] Operation not permitted
/Library/Frameworks/Python.framework/Versions/3.8/bin/python3: can't open file '/Users/jihoon/Downloads/SWE/main-svr/backend/manage.py': [Errno 1] Operation not permitted
/Library/Frameworks/Python.framework/Versions/3.8/bin/python3: can't open file '/Users/jihoon/Downloads/SWE/main-svr/backend/manage.py': [Errno 1] Operation not permitted
/Library/Frameworks/Python.framework/Versions/3.8/bin/python3: can't open file '/Users/jihoon/Downloads/SWE/main-svr/backend/manage.py': [Errno 1] Operation not permitted
/Library/Frameworks/Python.framework/Versions/3.8/bin/python3: can't open file '/Users/jihoon/Downloads/SWE/main-svr/backend/manage.py': [Errno 1] Operation not permitted
/Library/Frameworks/Python.framework/Versions/3.8/bin/python3: can't open file '/Users/jihoon/Downloads/SWE/main-svr/backend/manage.py': [Errno 1] Operation not permitted
/Library/Frameworks/Python.framework/Versions/3.8/bin/python3: can't open file '/Users/jihoon/Downloads/SWE/main-svr/backend/manage.py': [Errno 1] Operation not permitted
/Library/Frameworks/Python.framework/Versions/3.8/bin/python3: can't open file '/Users/jihoon/Downloads/SWE/main-svr/backend/manage.py': [Errno 1] Operation not permitted
/Library/Frameworks/Python.framework/Versions/3.8/bin/python3: can't open file '/Users/jihoon/Downloads/SWE/main-svr/backend/manage.py': [Errno 1] Operation not permitted
/Library/Frameworks/Python.framework/Versions/3.8/bin/python3: can't open file '/Users/jihoon/Downloads/SWE/main-svr/backend/manage.py': [Errno 1] Operation not permitted
/Library/Frameworks/Python.framework/Versions/3.8/bin/python3: can't open file '/Users/jihoon/Downloads/SWE/main-svr/backend/manage.py': [Errno 1] Operation not permitted
/Library/Frameworks/Python.framework/Versions/3.8/bin/python3: can't open file '/Users/jihoon/Downloads/SWE/main-svr/backend/manage.py': [Errno 1] Operation not permitted
/Library/Frameworks/Python.framework/Versions/3.8/bin/python3: can't open file '/Users/jihoon/Downloads/SWE/main-svr/backend/manage.py': [Errno 1] Operation not permitted
/Library/Frameworks/Python.framework/Versions/3.8/bin/python3: can't open file '/Users/jihoon/Downloads/SWE/main-svr/backend/manage.py': [Errno 1] Operation not permitted
/Library/Frameworks/Python.framework/Versions/3.8/bin/python3: can't open file '/Users/jihoon/Downloads/SWE/main-svr/backend/manage.py': [Errno 1] Operation not permitted
/Library/Frameworks/Python.framework/Versions/3.8/bin/python3: can't open file '/Users/jihoon/Downloads/SWE/main-svr/backend/manage.py': [Errno 1] Operation not permitted
/Library/Frameworks/Python.framework/Versions/3.8/bin/python3: can't open file '/Users/jihoon/Downloads/SWE/main-svr/backend/manage.py': [Errno 1] Operation not permitted
/Library/Frameworks/Python.framework/Versions/3.8/bin/python3: can't open file '/Users/jihoon/Downloads/SWE/main-svr/backend/manage.py': [Errno 1] Operation not permitted
/Library/Frameworks/Python.framework/Versions/3.8/bin/python3: can't open file '/Users/jihoon/Downloads/SWE/main-svr/backend/manage.py': [Errno 1] Operation not permitted
/Library/Frameworks/Python.framework/Versions/3.8/bin/python3: can't open file '/Users/jihoon/Downloads/SWE/main-svr/backend/manage.py': [Errno 1] Operation not permitted
/Library/Frameworks/Python.framework/Versions/3.8/bin/python3: can't open file '/Users/jihoon/Downloads/SWE/main-svr/backend/manage.py': [Errno 1] Operation not permitted
/Library/Frameworks/Python.framework/Versions/3.8/bin/python3: can't open file '/Users/jihoon/Downloads/SWE/main-svr/backend/manage.py': [Errno 1] Operation not permitted
/Library/Frameworks/Python.framework/Versions/3.8/bin/python3: can't open file '/Users/jihoon/Downloads/SWE/main-svr/backend/manage.py': [Errno 1] Operation not permitted
/Library/Frameworks/Python.framework/Versions/3.8/bin/python3: can't open file '/Users/jihoon/Downloads/SWE/main-svr/backend/manage.py': [Errno 1] Operation not permitted
/Library/Frameworks/Python.framework/Versions/3.8/bin/python3: can't open file '/Users/jihoon/Downloads/SWE/main-svr/backend/manage.py': [Errno 1] Operation not permitted
/Library/Frameworks/Python.framework/Versions/3.8/bin/python3: can't open file '/Users/jihoon/Downloads/SWE/main-svr/backend/manage.py': [Errno 1] Operation not permitted
/Library/Frameworks/Python.framework/Versions/3.8/bin/python3: can't open file '/Users/jihoon/Downloads/SWE/main-svr/backend/manage.py': [Errno 1] Operation not permitted
/Library/Frameworks/Python.framework/Versions/3.8/bin/python3: can't open file '/Users/jihoon/Downloads/SWE/main-svr/backend/manage.py': [Errno 1] Operation not permitted
/Library/Frameworks/Python.framework/Versions/3.8/bin/python3: can't open file '/Users/jihoon/Downloads/SWE/main-svr/backend/manage.py': [Errno 1] Operation not permitted
/Library/Frameworks/Python.framework/Versions/3.8/bin/python3: can't open file '/Users/jihoon/Downloads/SWE/main-svr/backend/manage.py': [Errno 1] Operation not permitted
/Library/Frameworks/Python.framework/Versions/3.8/bin/python3: can't open file '/Users/jihoon/Downloads/SWE/main-svr/backend/manage.py': [Errno 1] Operation not permitted
/Library/Frameworks/Python.framework/Versions/3.8/bin/python3: can't open file '/Users/jihoon/Downloads/SWE/main-svr/backend/manage.py': [Errno 1] Operation not permitted
/Library/Frameworks/Python.framework/Versions/3.8/bin/python3: can't open file '/Users/jihoon/Downloads/SWE/main-svr/backend/manage.py': [Errno 1] Operation not permitted
/Library/Frameworks/Python.framework/Versions/3.8/bin/python3: can't open file '/Users/jihoon/Downloads/SWE/main-svr/backend/manage.py': [Errno 1] Operation not permitted
/Library/Frameworks/Python.framework/Versions/3.8/bin/python3: can't open file '/Users/jihoon/Downloads/SWE/main-svr/backend/manage.py': [Errno 1] Operation not permitted
/Library/Frameworks/Python.framework/Versions/3.8/bin/python3: can't open file '/Users/jihoon/Downloads/SWE/main-svr/backend/manage.py': [Errno 1] Operation not permitted
/Library/Frameworks/Python.framework/Versions/3.8/bin/python3: can't open file '/Users/jihoon/Downloads/SWE/main-svr/backend/manage.py': [Errno 1] Operation not permitted
/Library/Frameworks/Python.framework/Versions/3.8/bin/python3: can't open file '/Users/jihoon/Downloads/SWE/main-svr/backend/manage.py': [Errno 1] Operation not permitted
/Library/Frameworks/Python.framework/Versions/3.8/bin/python3: can't open file '/Users/jihoon/Downloads/SWE/main-svr/backend/manage.py': [Errno 1] Operation not permitted
/Library/Frameworks/Python.framework/Versions/3.8/bin/python3: can't open file '/Users/jihoon/Downloads/SWE/main-svr/backend/manage.py': [Errno 1] Operation not permitted
/Library/Frameworks/Python.framework/Versions/3.8/bin/python3: can't open file '/Users/jihoon/Downloads/SWE/main-svr/backend/manage.py': [Errno 1] Operation not permitted
/Library/Frameworks/Python.framework/Versions/3.8/bin/python3: can't open file '/Users/jihoon/Downloads/SWE/main-svr/backend/manage.py': [Errno 1] Operation not permitted
/Library/Frameworks/Python.framework/Versions/3.8/bin/python3: can't open file '/Users/jihoon/Downloads/SWE/main-svr/backend/manage.py': [Errno 1] Operation not permitted
/Library/Frameworks/Python.framework/Versions/3.8/bin/python3: can't open file '/Users/jihoon/Downloads/SWE/main-svr/backend/manage.py': [Errno 1] Operation not permitted
/Library/Frameworks/Python.framework/Versions/3.8/bin/python3: can't open file '/Users/jihoon/Downloads/SWE/main-svr/backend/manage.py': [Errno 1] Operation not permitted
/Library/Frameworks/Python.framework/Versions/3.8/bin/python3: can't open file '/Users/jihoon/Downloads/SWE/main-svr/backend/manage.py': [Errno 1] Operation not permitted
/Library/Frameworks/Python.framework/Versions/3.8/bin/python3: can't open file '/Users/jihoon/Downloads/SWE/main-svr/backend/manage.py': [Errno 1] Operation not permitted
/Library/Frameworks/Python.framework/Versions/3.8/bin/python3: can't open file '/Users/jihoon/Downloads/SWE/main-svr/backend/manage.py': [Errno 1] Operation not permitted
/Library/Frameworks/Python.framework/Versions/3.8/bin/python3: can't open file '/Users/jihoon/Downloads/SWE/main-svr/backend/manage.py': [Errno 1] Operation not permitted
/Library/Frameworks/Python.framework/Versions/3.8/bin/python3: can't open file '/Users/jihoon/Downloads/SWE/main-svr/backend/manage.py': [Errno 1] Operation not permitted
/Library/Frameworks/Python.framework/Versions/3.8/bin/python3: can't open file '/Users/jihoon/Downloads/SWE/main-svr/backend/manage.py': [Errno 1] Operation not permitted
/Library/Frameworks/Python.framework/Versions/3.8/bin/python3: can't open file '/Users/jihoon/Downloads/SWE/main-svr/backend/manage.py': [Errno 1] Operation not permitted
/Library/Frameworks/Python.framework/Versions/3.8/bin/python3: can't open file '/Users/jihoon/Downloads/SWE/main-svr/backend/manage.py': [Errno 1] Operation not permitted
/Library/Frameworks/Python.framework/Versions/3.8/bin/python3: can't open file '/Users/jihoon/Downloads/SWE/main-svr/backend/manage.py': [Errno 1] Operation not permitted
/Library/Frameworks/Python.framework/Versions/3.8/bin/python3: can't open file '/Users/jihoon/Downloads/SWE/main-svr/backend/manage.py': [Errno 1] Operation not permitted
/Library/Frameworks/Python.framework/Versions/3.8/bin/python3: can't open file '/Users/jihoon/Downloads/SWE/main-svr/backend/manage.py': [Errno 1] Operation not permitted
/Library/Frameworks/Python.framework/Versions/3.8/bin/python3: can't open file '/Users/jihoon/Downloads/SWE/main-svr/backend/manage.py': [Errno 1] Operation not permitted
/Library/Frameworks/Python.framework/Versions/3.8/bin/python3: can't open file '/Users/jihoon/Downloads/SWE/main-svr/backend/manage.py': [Errno 1] Operation not permitted
/Library/Frameworks/Python.framework/Versions/3.8/bin/python3: can't open file '/Users/jihoon/Downloads/SWE/main-svr/backend/manage.py': [Errno 1] Operation not permitted
/Library/Frameworks/Python.framework/Versions/3.8/bin/python3: can't open file '/Users/jihoon/Downloads/SWE/main-svr/backend/manage.py': [Errno 1] Operation not permitted
/Library/Frameworks/Python.framework/Versions/3.8/bin/python3: can't open file '/Users/jihoon/Downloads/SWE/main-svr/backend/manage.py': [Errno 1] Operation not permitted
/Library/Frameworks/Python.framework/Versions/3.8/bin/python3: can't open file '/Users/jihoon/Downloads/SWE/main-svr/backend/manage.py': [Errno 1] Operation not permitted
/Library/Frameworks/Python.framework/Versions/3.8/bin/python3: can't open file '/Users/jihoon/Downloads/SWE/main-svr/backend/manage.py': [Errno 1] Operation not permitted
/Library/Frameworks/Python.framework/Versions/3.8/bin/python3: can't open file '/Users/jihoon/Downloads/SWE/main-svr/backend/manage.py': [Errno 1] Operation not permitted
/Library/Frameworks/Python.framework/Versions/3.8/bin/python3: can't open file '/Users/jihoon/Downloads/SWE/main-svr/backend/manage.py': [Errno 1] Operation not permitted
/Library/Frameworks/Python.framework/Versions/3.8/bin/python3: can't open file '/Users/jihoon/Downloads/SWE/main-svr/backend/manage.py': [Errno 1] Operation not permitted
/Library/Frameworks/Python.framework/Versions/3.8/bin/python3: can't open file '/Users/jihoon/Downloads/SWE/main-svr/backend/manage.py': [Errno 1] Operation not permitted
/Library/Frameworks/Python.framework/Versions/3.8/bin/python3: can't open file '/Users/jihoon/Downloads/SWE/main-svr/backend/manage.py': [Errno 1] Operation not permitted
/Library/Frameworks/Python.framework/Versions/3.8/bin/python3: can't open file '/Users/jihoon/Downloads/SWE/main-svr/backend/manage.py': [Errno 1] Operation not permitted
/Library/Frameworks/Python.framework/Versions/3.8/bin/python3: can't open file '/Users/jihoon/Downloads/SWE/main-svr/backend/manage.py': [Errno 1] Operation not permitted
/Library/Frameworks/Python.framework/Versions/3.8/bin/python3: can't open file '/Users/jihoon/Downloads/SWE/main-svr/backend/manage.py': [Errno 1] Operation not permitted
/Library/Frameworks/Python.framework/Versions/3.8/bin/python3: can't open file '/Users/jihoon/Downloads/SWE/main-svr/backend/manage.py': [Errno 1] Operation not permitted
/Library/Frameworks/Python.framework/Versions/3.8/bin/python3: can't open file '/Users/jihoon/Downloads/SWE/main-svr/backend/manage.py': [Errno 1] Operation not permitted
/Library/Frameworks/Python.framework/Versions/3.8/bin/python3: can't open file '/Users/jihoon/Downloads/SWE/main-svr/backend/manage.py': [Errno 1] Operation not permitted
/Library/Frameworks/Python.framework/Versions/3.8/bin/python3: can't open file '/Users/jihoon/Downloads/SWE/main-svr/backend/manage.py': [Errno 1] Operation not permitted
/Library/Frameworks/Python.framework/Versions/3.8/bin/python3: can't open file '/Users/jihoon/Downloads/SWE/main-svr/backend/manage.py': [Errno 1] Operation not permitted
/Library/Frameworks/Python.framework/Versions/3.8/bin/python3: can't open file '/Users/jihoon/Downloads/SWE/main-svr/backend/manage.py': [Errno 1] Operation not permitted
/Library/Frameworks/Python.framework/Versions/3.8/bin/python3: can't open file '/Users/jihoon/Downloads/SWE/main-svr/backend/manage.py': [Errno 1] Operation not permitted
/Library/Frameworks/Python.framework/Versions/3.8/bin/python3: can't open file '/Users/jihoon/Downloads/SWE/main-svr/backend/manage.py': [Errno 1] Operation not permitted
/Library/Frameworks/Python.framework/Versions/3.8/bin/python3: can't open file '/Users/jihoon/Downloads/SWE/main-svr/backend/manage.py': [Errno 1] Operation not permitted
/Library/Frameworks/Python.framework/Versions/3.8/bin/python3: can't open file '/Users/jihoon/Downloads/SWE/main-svr/backend/manage.py': [Errno 1] Operation not permitted
/Library/Frameworks/Python.framework/Versions/3.8/bin/python3: can't open file '/Users/jihoon/Downloads/SWE/main-svr/backend/manage.py': [Errno 1] Operation not permitted
/Library/Frameworks/Python.framework/Versions/3.8/bin/python3: can't open file '/Users/jihoon/Downloads/SWE/main-svr/backend/manage.py': [Errno 1] Operation not permitted
/Library/Frameworks/Python.framework/Versions/3.8/bin/python3: can't open file '/Users/jihoon/Downloads/SWE/main-svr/backend/manage.py': [Errno 1] Operation not permitted
/Library/Frameworks/Python.framework/Versions/3.8/bin/python3: can't open file '/Users/jihoon/Downloads/SWE/main-svr/backend/manage.py': [Errno 1] Operation not permitted
/Library/Frameworks/Python.framework/Versions/3.8/bin/python3: can't open file '/Users/jihoon/Downloads/SWE/main-svr/backend/manage.py': [Errno 1] Operation not permitted
/Library/Frameworks/Python.framework/Versions/3.8/bin/python3: can't open file '/Users/jihoon/Downloads/SWE/main-svr/backend/manage.py': [Errno 1] Operation not permitted
/Library/Frameworks/Python.framework/Versions/3.8/bin/python3: can't open file '/Users/jihoon/Downloads/SWE/main-svr/backend/manage.py': [Errno 1] Operation not permitted
/Library/Frameworks/Python.framework/Versions/3.8/bin/python3: can't open file '/Users/jihoon/Downloads/SWE/main-svr/backend/manage.py': [Errno 1] Operation not permitted
/Library/Frameworks/Python.framework/Versions/3.8/bin/python3: can't open file '/Users/jihoon/Downloads/SWE/main-svr/backend/manage.py': [Errno 1] Operation not permitted
/Library/Frameworks/Python.framework/Versions/3.8/bin/python3: can't open file '/Users/jihoon/Downloads/SWE/main-svr/backend/manage.py': [Errno 1] Operation not permitted
/Library/Frameworks/Python.framework/Versions/3.8/bin/python3: can't open file '/Users/jihoon/Downloads/SWE/main-svr/backend/manage.py': [Errno 1] Operation not permitted
/Library/Frameworks/Python.framework/Versions/3.8/bin/python3: can't open file '/Users/jihoon/Downloads/SWE/main-svr/backend/manage.py': [Errno 1] Operation not permitted
/Library/Frameworks/Python.framework/Versions/3.8/bin/python3: can't open file '/Users/jihoon/Downloads/SWE/main-svr/backend/manage.py': [Errno 1] Operation not permitted
/Library/Frameworks/Python.framework/Versions/3.8/bin/python3: can't open file '/Users/jihoon/Downloads/SWE/main-svr/backend/manage.py': [Errno 1] Operation not permitted
/Library/Frameworks/Python.framework/Versions/3.8/bin/python3: can't open file '/Users/jihoon/Downloads/SWE/main-svr/backend/manage.py': [Errno 1] Operation not permitted
/Library/Frameworks/Python.framework/Versions/3.8/bin/python3: can't open file '/Users/jihoon/Downloads/SWE/main-svr/backend/manage.py': [Errno 1] Operation not permitted
/Library/Frameworks/Python.framework/Versions/3.8/bin/python3: can't open file '/Users/jihoon/Downloads/SWE/main-svr/backend/manage.py': [Errno 1] Operation not permitted
/Library/Frameworks/Python.framework/Versions/3.8/bin/python3: can't open file '/Users/jihoon/Downloads/SWE/main-svr/backend/manage.py': [Errno 1] Operation not permitted
/Library/Frameworks/Python.framework/Versions/3.8/bin/python3: can't open file '/Users/jihoon/Downloads/SWE/main-svr/backend/manage.py': [Errno 1] Operation not permitted
/Library/Frameworks/Python.framework/Versions/3.8/bin/python3: can't open file '/Users/jihoon/Downloads/SWE/main-svr/backend/manage.py': [Errno 1] Operation not permitted
/Library/Frameworks/Python.framework/Versions/3.8/bin/python3: can't open file '/Users/jihoon/Downloads/SWE/main-svr/backend/manage.py': [Errno 1] Operation not permitted
/Library/Frameworks/Python.framework/Versions/3.8/bin/python3: can't open file '/Users/jihoon/Downloads/SWE/main-svr/backend/manage.py': [Errno 1] Operation not permitted
/Library/Frameworks/Python.framework/Versions/3.8/bin/python3: can't open file '/Users/jihoon/Downloads/SWE/main-svr/backend/manage.py': [Errno 1] Operation not permitted
/Library/Frameworks/Python.framework/Versions/3.8/bin/python3: can't open file '/Users/jihoon/Downloads/SWE/main-svr/backend/manage.py': [Errno 1] Operation not permitted
/Library/Frameworks/Python.framework/Versions/3.8/bin/python3: can't open file '/Users/jihoon/Downloads/SWE/main-svr/backend/manage.py': [Errno 1] Operation not permitted
/Library/Frameworks/Python.framework/Versions/3.8/bin/python3: can't open file '/Users/jihoon/Downloads/SWE/main-svr/backend/manage.py': [Errno 1] Operation not permitted
/Library/Frameworks/Python.framework/Versions/3.8/bin/python3: can't open file '/Users/jihoon/Downloads/SWE/main-svr/backend/manage.py': [Errno 1] Operation not permitted
/Library/Frameworks/Python.framework/Versions/3.8/bin/python3: can't open file '/Users/jihoon/Downloads/SWE/main-svr/backend/manage.py': [Errno 1] Operation not permitted
/Library/Frameworks/Python.framework/Versions/3.8/bin/python3: can't open file '/Users/jihoon/Downloads/SWE/main-svr/backend/manage.py': [Errno 1] Operation not permitted
/Library/Frameworks/Python.framework/Versions/3.8/bin/python3: can't open file '/Users/jihoon/Downloads/SWE/main-svr/backend/manage.py': [Errno 1] Operation not permitted
/Library/Frameworks/Python.framework/Versions/3.8/bin/python3: can't open file '/Users/jihoon/Downloads/SWE/main-svr/backend/manage.py': [Errno 1] Operation not permitted
/Library/Frameworks/Python.framework/Versions/3.8/bin/python3: can't open file '/Users/jihoon/Downloads/SWE/main-svr/backend/manage.py': [Errno 1] Operation not permitted
/Library/Frameworks/Python.framework/Versions/3.8/bin/python3: can't open file '/Users/jihoon/Downloads/SWE/main-svr/backend/manage.py': [Errno 1] Operation not permitted
reset daily_view
reset daily_view
reset daily_view
reset daily_view
reset daily_view
reset daily_view
reset daily_view
reset daily_view
reset daily_view
reset daily_view
reset daily_view
reset daily_view
reset daily_view
reset daily_view
reset daily_view
reset daily_view
reset daily_view
reset daily_view
reset daily_view
reset daily_view
reset daily_view
reset daily_view
reset daily_view
reset daily_view
reset daily_view
reset daily_view
reset daily_view
reset daily_view
reset daily_view
reset daily_view
reset daily_view
reset daily_view
reset daily_view
reset daily_view
reset daily_view
reset daily_view
reset daily_view
reset daily_view
reset daily_view
reset daily_view
reset daily_view
reset daily_view
reset daily_view
reset daily_view
reset daily_view
reset daily_view
reset daily_view
reset daily_view
reset daily_view
reset daily_view
reset daily_view
reset daily_view
reset daily_view
reset daily_view
Failed to complete cronjob at ('* 0 * * *', 'swe.cronjobs.reset_daily_view', '>> /Users/jihoon/Downloads/SWE/main-svr/backend/config/../log/reset_daily_view_cronjob.log')
Traceback (most recent call last):
  File "/Library/Frameworks/Python.framework/Versions/3.8/lib/python3.8/site-packages/django/db/backends/base/base.py", line 219, in ensure_connection
    self.connect()
  File "/Library/Frameworks/Python.framework/Versions/3.8/lib/python3.8/site-packages/django/utils/asyncio.py", line 26, in inner
    return func(*args, **kwargs)
  File "/Library/Frameworks/Python.framework/Versions/3.8/lib/python3.8/site-packages/django/db/backends/base/base.py", line 200, in connect
    self.connection = self.get_new_connection(conn_params)
  File "/Library/Frameworks/Python.framework/Versions/3.8/lib/python3.8/site-packages/django/utils/asyncio.py", line 26, in inner
    return func(*args, **kwargs)
  File "/Library/Frameworks/Python.framework/Versions/3.8/lib/python3.8/site-packages/django/db/backends/postgresql/base.py", line 187, in get_new_connection
    connection = Database.connect(**conn_params)
  File "/Library/Frameworks/Python.framework/Versions/3.8/lib/python3.8/site-packages/psycopg2/__init__.py", line 127, in connect
    conn = _connect(dsn, connection_factory=connection_factory, **kwasync)
psycopg2.OperationalError: could not translate host name "database-1.cmwlrea0pvtl.ap-northeast-2.rds.amazonaws.com" to address: nodename nor servname provided, or not known


The above exception was the direct cause of the following exception:

Traceback (most recent call last):
  File "/Library/Frameworks/Python.framework/Versions/3.8/lib/python3.8/site-packages/django_crontab/crontab.py", line 145, in run_job
    func(*job_args, **job_kwargs)
  File "/Users/jihoon/Downloads/SWE/main-svr/backend/swe/cronjobs.py", line 10, in reset_daily_view
    movies.update(
  File "/Library/Frameworks/Python.framework/Versions/3.8/lib/python3.8/site-packages/django/db/models/query.py", line 784, in update
    rows = query.get_compiler(self.db).execute_sql(CURSOR)
  File "/Library/Frameworks/Python.framework/Versions/3.8/lib/python3.8/site-packages/django/db/models/sql/compiler.py", line 1522, in execute_sql
    cursor = super().execute_sql(result_type)
  File "/Library/Frameworks/Python.framework/Versions/3.8/lib/python3.8/site-packages/django/db/models/sql/compiler.py", line 1154, in execute_sql
    cursor = self.connection.cursor()
  File "/Library/Frameworks/Python.framework/Versions/3.8/lib/python3.8/site-packages/django/utils/asyncio.py", line 26, in inner
    return func(*args, **kwargs)
  File "/Library/Frameworks/Python.framework/Versions/3.8/lib/python3.8/site-packages/django/db/backends/base/base.py", line 259, in cursor
    return self._cursor()
  File "/Library/Frameworks/Python.framework/Versions/3.8/lib/python3.8/site-packages/django/db/backends/base/base.py", line 235, in _cursor
    self.ensure_connection()
  File "/Library/Frameworks/Python.framework/Versions/3.8/lib/python3.8/site-packages/django/utils/asyncio.py", line 26, in inner
    return func(*args, **kwargs)
  File "/Library/Frameworks/Python.framework/Versions/3.8/lib/python3.8/site-packages/django/db/backends/base/base.py", line 219, in ensure_connection
    self.connect()
  File "/Library/Frameworks/Python.framework/Versions/3.8/lib/python3.8/site-packages/django/db/utils.py", line 90, in __exit__
    raise dj_exc_value.with_traceback(traceback) from exc_value
  File "/Library/Frameworks/Python.framework/Versions/3.8/lib/python3.8/site-packages/django/db/backends/base/base.py", line 219, in ensure_connection
    self.connect()
  File "/Library/Frameworks/Python.framework/Versions/3.8/lib/python3.8/site-packages/django/utils/asyncio.py", line 26, in inner
    return func(*args, **kwargs)
  File "/Library/Frameworks/Python.framework/Versions/3.8/lib/python3.8/site-packages/django/db/backends/base/base.py", line 200, in connect
    self.connection = self.get_new_connection(conn_params)
  File "/Library/Frameworks/Python.framework/Versions/3.8/lib/python3.8/site-packages/django/utils/asyncio.py", line 26, in inner
    return func(*args, **kwargs)
  File "/Library/Frameworks/Python.framework/Versions/3.8/lib/python3.8/site-packages/django/db/backends/postgresql/base.py", line 187, in get_new_connection
    connection = Database.connect(**conn_params)
  File "/Library/Frameworks/Python.framework/Versions/3.8/lib/python3.8/site-packages/psycopg2/__init__.py", line 127, in connect
    conn = _connect(dsn, connection_factory=connection_factory, **kwasync)
django.db.utils.OperationalError: could not translate host name "database-1.cmwlrea0pvtl.ap-northeast-2.rds.amazonaws.com" to address: nodename nor servname provided, or not known

reset daily_view
reset daily_view
reset daily_view
Failed to complete cronjob at ('* 0 * * *', 'swe.cronjobs.reset_daily_view', '>> /Users/jihoon/Downloads/SWE/main-svr/backend/config/../log/reset_daily_view_cronjob.log')
Traceback (most recent call last):
  File "/Library/Frameworks/Python.framework/Versions/3.8/lib/python3.8/site-packages/django_crontab/crontab.py", line 145, in run_job
    func(*job_args, **job_kwargs)
  File "/Users/jihoon/Downloads/SWE/main-svr/backend/swe/cronjobs.py", line 8, in reset_daily_view
    print("Time: " + timezone.now() + "Reset Daily View")
TypeError: can only concatenate str (not "datetime.datetime") to str
Failed to complete cronjob at ('* 0 * * *', 'swe.cronjobs.reset_daily_view', '>> /Users/jihoon/Downloads/SWE/main-svr/backend/config/../log/reset_daily_view_cronjob.log')
Traceback (most recent call last):
  File "/Library/Frameworks/Python.framework/Versions/3.8/lib/python3.8/site-packages/django_crontab/crontab.py", line 145, in run_job
    func(*job_args, **job_kwargs)
  File "/Users/jihoon/Downloads/SWE/main-svr/backend/swe/cronjobs.py", line 8, in reset_daily_view
    print("Time: " + timezone.now() + "Reset Daily View")
TypeError: can only concatenate str (not "datetime.datetime") to str
Failed to complete cronjob at ('* 0 * * *', 'swe.cronjobs.reset_daily_view', '>> /Users/jihoon/Downloads/SWE/main-svr/backend/config/../log/reset_daily_view_cronjob.log')
Traceback (most recent call last):
  File "/Library/Frameworks/Python.framework/Versions/3.8/lib/python3.8/site-packages/django_crontab/crontab.py", line 145, in run_job
    func(*job_args, **job_kwargs)
  File "/Users/jihoon/Downloads/SWE/main-svr/backend/swe/cronjobs.py", line 8, in reset_daily_view
    print("Time: " + timezone.now() + "Reset Daily View")
TypeError: can only concatenate str (not "datetime.datetime") to str
Failed to complete cronjob at ('* 0 * * *', 'swe.cronjobs.reset_daily_view', '>> /Users/jihoon/Downloads/SWE/main-svr/backend/config/../log/reset_daily_view_cronjob.log')
Traceback (most recent call last):
  File "/Library/Frameworks/Python.framework/Versions/3.8/lib/python3.8/site-packages/django_crontab/crontab.py", line 145, in run_job
    func(*job_args, **job_kwargs)
  File "/Users/jihoon/Downloads/SWE/main-svr/backend/swe/cronjobs.py", line 8, in reset_daily_view
    print("Time: " + timezone.now() + "Reset Daily View")
TypeError: can only concatenate str (not "datetime.datetime") to str
Failed to complete cronjob at ('* 0 * * *', 'swe.cronjobs.reset_daily_view', '>> /Users/jihoon/Downloads/SWE/main-svr/backend/config/../log/reset_daily_view_cronjob.log')
Traceback (most recent call last):
  File "/Library/Frameworks/Python.framework/Versions/3.8/lib/python3.8/site-packages/django_crontab/crontab.py", line 145, in run_job
    func(*job_args, **job_kwargs)
  File "/Users/jihoon/Downloads/SWE/main-svr/backend/swe/cronjobs.py", line 8, in reset_daily_view
    print("Time: " + timezone.now() + "Reset Daily View")
TypeError: can only concatenate str (not "datetime.datetime") to str
Failed to complete cronjob at ('* 0 * * *', 'swe.cronjobs.reset_daily_view', '>> /Users/jihoon/Downloads/SWE/main-svr/backend/config/../log/reset_daily_view_cronjob.log')
Traceback (most recent call last):
  File "/Library/Frameworks/Python.framework/Versions/3.8/lib/python3.8/site-packages/django_crontab/crontab.py", line 145, in run_job
    func(*job_args, **job_kwargs)
  File "/Users/jihoon/Downloads/SWE/main-svr/backend/swe/cronjobs.py", line 8, in reset_daily_view
    print("Time: " + timezone.now() + "Reset Daily View")
TypeError: can only concatenate str (not "datetime.datetime") to str
Failed to complete cronjob at ('* 0 * * *', 'swe.cronjobs.reset_daily_view', '>> /Users/jihoon/Downloads/SWE/main-svr/backend/config/../log/reset_daily_view_cronjob.log')
Traceback (most recent call last):
  File "/Library/Frameworks/Python.framework/Versions/3.8/lib/python3.8/site-packages/django_crontab/crontab.py", line 145, in run_job
    func(*job_args, **job_kwargs)
  File "/Users/jihoon/Downloads/SWE/main-svr/backend/swe/cronjobs.py", line 8, in reset_daily_view
    print("Time: " + timezone.now() + "Reset Daily View")
TypeError: can only concatenate str (not "datetime.datetime") to str
Failed to complete cronjob at ('* 0 * * *', 'swe.cronjobs.reset_daily_view', '>> /Users/jihoon/Downloads/SWE/main-svr/backend/config/../log/reset_daily_view_cronjob.log')
Traceback (most recent call last):
  File "/Library/Frameworks/Python.framework/Versions/3.8/lib/python3.8/site-packages/django_crontab/crontab.py", line 145, in run_job
    func(*job_args, **job_kwargs)
  File "/Users/jihoon/Downloads/SWE/main-svr/backend/swe/cronjobs.py", line 8, in reset_daily_view
    print("Time: " + timezone.now() + "Reset Daily View")
TypeError: can only concatenate str (not "datetime.datetime") to str
Failed to complete cronjob at ('* 0 * * *', 'swe.cronjobs.reset_daily_view', '>> /Users/jihoon/Downloads/SWE/main-svr/backend/config/../log/reset_daily_view_cronjob.log')
Traceback (most recent call last):
  File "/Library/Frameworks/Python.framework/Versions/3.8/lib/python3.8/site-packages/django_crontab/crontab.py", line 145, in run_job
    func(*job_args, **job_kwargs)
  File "/Users/jihoon/Downloads/SWE/main-svr/backend/swe/cronjobs.py", line 8, in reset_daily_view
    print("Time: " + timezone.now() + "Reset Daily View")
TypeError: can only concatenate str (not "datetime.datetime") to str
Failed to complete cronjob at ('* 0 * * *', 'swe.cronjobs.reset_daily_view', '>> /Users/jihoon/Downloads/SWE/main-svr/backend/config/../log/reset_daily_view_cronjob.log')
Traceback (most recent call last):
  File "/Library/Frameworks/Python.framework/Versions/3.8/lib/python3.8/site-packages/django_crontab/crontab.py", line 145, in run_job
    func(*job_args, **job_kwargs)
  File "/Users/jihoon/Downloads/SWE/main-svr/backend/swe/cronjobs.py", line 8, in reset_daily_view
    print("Time: " + timezone.now() + "Reset Daily View")
TypeError: can only concatenate str (not "datetime.datetime") to str
Failed to complete cronjob at ('* 0 * * *', 'swe.cronjobs.reset_daily_view', '>> /Users/jihoon/Downloads/SWE/main-svr/backend/config/../log/reset_daily_view_cronjob.log')
Traceback (most recent call last):
  File "/Library/Frameworks/Python.framework/Versions/3.8/lib/python3.8/site-packages/django_crontab/crontab.py", line 145, in run_job
    func(*job_args, **job_kwargs)
  File "/Users/jihoon/Downloads/SWE/main-svr/backend/swe/cronjobs.py", line 8, in reset_daily_view
    print("Time: " + timezone.now() + "Reset Daily View")
TypeError: can only concatenate str (not "datetime.datetime") to str
Failed to complete cronjob at ('* 0 * * *', 'swe.cronjobs.reset_daily_view', '>> /Users/jihoon/Downloads/SWE/main-svr/backend/config/../log/reset_daily_view_cronjob.log')
Traceback (most recent call last):
  File "/Library/Frameworks/Python.framework/Versions/3.8/lib/python3.8/site-packages/django_crontab/crontab.py", line 145, in run_job
    func(*job_args, **job_kwargs)
  File "/Users/jihoon/Downloads/SWE/main-svr/backend/swe/cronjobs.py", line 8, in reset_daily_view
    print("Time: " + timezone.now() + "Reset Daily View")
TypeError: can only concatenate str (not "datetime.datetime") to str
Failed to complete cronjob at ('* 0 * * *', 'swe.cronjobs.reset_daily_view', '>> /Users/jihoon/Downloads/SWE/main-svr/backend/config/../log/reset_daily_view_cronjob.log')
Traceback (most recent call last):
  File "/Library/Frameworks/Python.framework/Versions/3.8/lib/python3.8/site-packages/django_crontab/crontab.py", line 145, in run_job
    func(*job_args, **job_kwargs)
  File "/Users/jihoon/Downloads/SWE/main-svr/backend/swe/cronjobs.py", line 8, in reset_daily_view
    print("Time: " + timezone.now() + "Reset Daily View")
TypeError: can only concatenate str (not "datetime.datetime") to str
Failed to complete cronjob at ('* 0 * * *', 'swe.cronjobs.reset_daily_view', '>> /Users/jihoon/Downloads/SWE/main-svr/backend/config/../log/reset_daily_view_cronjob.log')
Traceback (most recent call last):
  File "/Library/Frameworks/Python.framework/Versions/3.8/lib/python3.8/site-packages/django_crontab/crontab.py", line 145, in run_job
    func(*job_args, **job_kwargs)
  File "/Users/jihoon/Downloads/SWE/main-svr/backend/swe/cronjobs.py", line 8, in reset_daily_view
    print("Time: " + timezone.now() + "Reset Daily View")
TypeError: can only concatenate str (not "datetime.datetime") to str
Failed to complete cronjob at ('* 0 * * *', 'swe.cronjobs.reset_daily_view', '>> /Users/jihoon/Downloads/SWE/main-svr/backend/config/../log/reset_daily_view_cronjob.log')
Traceback (most recent call last):
  File "/Library/Frameworks/Python.framework/Versions/3.8/lib/python3.8/site-packages/django_crontab/crontab.py", line 145, in run_job
    func(*job_args, **job_kwargs)
  File "/Users/jihoon/Downloads/SWE/main-svr/backend/swe/cronjobs.py", line 8, in reset_daily_view
    print("Time: " + timezone.now() + "Reset Daily View")
TypeError: can only concatenate str (not "datetime.datetime") to str
Failed to complete cronjob at ('* 0 * * *', 'swe.cronjobs.reset_daily_view', '>> /Users/jihoon/Downloads/SWE/main-svr/backend/config/../log/reset_daily_view_cronjob.log')
Traceback (most recent call last):
  File "/Library/Frameworks/Python.framework/Versions/3.8/lib/python3.8/site-packages/django_crontab/crontab.py", line 145, in run_job
    func(*job_args, **job_kwargs)
  File "/Users/jihoon/Downloads/SWE/main-svr/backend/swe/cronjobs.py", line 8, in reset_daily_view
    print("Time: " + timezone.now() + "Reset Daily View")
TypeError: can only concatenate str (not "datetime.datetime") to str
Failed to complete cronjob at ('* 0 * * *', 'swe.cronjobs.reset_daily_view', '>> /Users/jihoon/Downloads/SWE/main-svr/backend/config/../log/reset_daily_view_cronjob.log')
Traceback (most recent call last):
  File "/Library/Frameworks/Python.framework/Versions/3.8/lib/python3.8/site-packages/django_crontab/crontab.py", line 145, in run_job
    func(*job_args, **job_kwargs)
  File "/Users/jihoon/Downloads/SWE/main-svr/backend/swe/cronjobs.py", line 8, in reset_daily_view
    print("Time: " + timezone.now() + "Reset Daily View")
TypeError: can only concatenate str (not "datetime.datetime") to str
Failed to complete cronjob at ('* 0 * * *', 'swe.cronjobs.reset_daily_view', '>> /Users/jihoon/Downloads/SWE/main-svr/backend/config/../log/reset_daily_view_cronjob.log')
Traceback (most recent call last):
  File "/Library/Frameworks/Python.framework/Versions/3.8/lib/python3.8/site-packages/django_crontab/crontab.py", line 145, in run_job
    func(*job_args, **job_kwargs)
  File "/Users/jihoon/Downloads/SWE/main-svr/backend/swe/cronjobs.py", line 8, in reset_daily_view
    print("Time: " + timezone.now() + "Reset Daily View")
TypeError: can only concatenate str (not "datetime.datetime") to str
Failed to complete cronjob at ('* 0 * * *', 'swe.cronjobs.reset_daily_view', '>> /Users/jihoon/Downloads/SWE/main-svr/backend/config/../log/reset_daily_view_cronjob.log')
Traceback (most recent call last):
  File "/Library/Frameworks/Python.framework/Versions/3.8/lib/python3.8/site-packages/django_crontab/crontab.py", line 145, in run_job
    func(*job_args, **job_kwargs)
  File "/Users/jihoon/Downloads/SWE/main-svr/backend/swe/cronjobs.py", line 8, in reset_daily_view
    print("Time: " + timezone.now() + "Reset Daily View")
TypeError: can only concatenate str (not "datetime.datetime") to str
Failed to complete cronjob at ('* 0 * * *', 'swe.cronjobs.reset_daily_view', '>> /Users/jihoon/Downloads/SWE/main-svr/backend/config/../log/reset_daily_view_cronjob.log')
Traceback (most recent call last):
  File "/Library/Frameworks/Python.framework/Versions/3.8/lib/python3.8/site-packages/django_crontab/crontab.py", line 145, in run_job
    func(*job_args, **job_kwargs)
  File "/Users/jihoon/Downloads/SWE/main-svr/backend/swe/cronjobs.py", line 8, in reset_daily_view
    print("Time: " + timezone.now() + "Reset Daily View")
TypeError: can only concatenate str (not "datetime.datetime") to str
Failed to complete cronjob at ('* 0 * * *', 'swe.cronjobs.reset_daily_view', '>> /Users/jihoon/Downloads/SWE/main-svr/backend/config/../log/reset_daily_view_cronjob.log')
Traceback (most recent call last):
  File "/Library/Frameworks/Python.framework/Versions/3.8/lib/python3.8/site-packages/django_crontab/crontab.py", line 145, in run_job
    func(*job_args, **job_kwargs)
  File "/Users/jihoon/Downloads/SWE/main-svr/backend/swe/cronjobs.py", line 8, in reset_daily_view
    print("Time: " + timezone.now() + "Reset Daily View")
TypeError: can only concatenate str (not "datetime.datetime") to str
Failed to complete cronjob at ('* 0 * * *', 'swe.cronjobs.reset_daily_view', '>> /Users/jihoon/Downloads/SWE/main-svr/backend/config/../log/reset_daily_view_cronjob.log')
Traceback (most recent call last):
  File "/Library/Frameworks/Python.framework/Versions/3.8/lib/python3.8/site-packages/django_crontab/crontab.py", line 145, in run_job
    func(*job_args, **job_kwargs)
  File "/Users/jihoon/Downloads/SWE/main-svr/backend/swe/cronjobs.py", line 8, in reset_daily_view
    print("Time: " + timezone.now() + "Reset Daily View")
TypeError: can only concatenate str (not "datetime.datetime") to str
Failed to complete cronjob at ('* 0 * * *', 'swe.cronjobs.reset_daily_view', '>> /Users/jihoon/Downloads/SWE/main-svr/backend/config/../log/reset_daily_view_cronjob.log')
Traceback (most recent call last):
  File "/Library/Frameworks/Python.framework/Versions/3.8/lib/python3.8/site-packages/django_crontab/crontab.py", line 145, in run_job
    func(*job_args, **job_kwargs)
  File "/Users/jihoon/Downloads/SWE/main-svr/backend/swe/cronjobs.py", line 8, in reset_daily_view
    print("Time: " + timezone.now() + "Reset Daily View")
TypeError: can only concatenate str (not "datetime.datetime") to str
Failed to complete cronjob at ('* 0 * * *', 'swe.cronjobs.reset_daily_view', '>> /Users/jihoon/Downloads/SWE/main-svr/backend/config/../log/reset_daily_view_cronjob.log')
Traceback (most recent call last):
  File "/Library/Frameworks/Python.framework/Versions/3.8/lib/python3.8/site-packages/django_crontab/crontab.py", line 145, in run_job
    func(*job_args, **job_kwargs)
  File "/Users/jihoon/Downloads/SWE/main-svr/backend/swe/cronjobs.py", line 8, in reset_daily_view
    print("Time: " + timezone.now() + "Reset Daily View")
TypeError: can only concatenate str (not "datetime.datetime") to str
Failed to complete cronjob at ('* 0 * * *', 'swe.cronjobs.reset_daily_view', '>> /Users/jihoon/Downloads/SWE/main-svr/backend/config/../log/reset_daily_view_cronjob.log')
Traceback (most recent call last):
  File "/Library/Frameworks/Python.framework/Versions/3.8/lib/python3.8/site-packages/django_crontab/crontab.py", line 145, in run_job
    func(*job_args, **job_kwargs)
  File "/Users/jihoon/Downloads/SWE/main-svr/backend/swe/cronjobs.py", line 8, in reset_daily_view
    print("Time: " + timezone.now() + "Reset Daily View")
TypeError: can only concatenate str (not "datetime.datetime") to str
Failed to complete cronjob at ('* 0 * * *', 'swe.cronjobs.reset_daily_view', '>> /Users/jihoon/Downloads/SWE/main-svr/backend/config/../log/reset_daily_view_cronjob.log')
Traceback (most recent call last):
  File "/Library/Frameworks/Python.framework/Versions/3.8/lib/python3.8/site-packages/django_crontab/crontab.py", line 145, in run_job
    func(*job_args, **job_kwargs)
  File "/Users/jihoon/Downloads/SWE/main-svr/backend/swe/cronjobs.py", line 8, in reset_daily_view
    print("Time: " + timezone.now() + "Reset Daily View")
TypeError: can only concatenate str (not "datetime.datetime") to str
Failed to complete cronjob at ('* 0 * * *', 'swe.cronjobs.reset_daily_view', '>> /Users/jihoon/Downloads/SWE/main-svr/backend/config/../log/reset_daily_view_cronjob.log')
Traceback (most recent call last):
  File "/Library/Frameworks/Python.framework/Versions/3.8/lib/python3.8/site-packages/django_crontab/crontab.py", line 145, in run_job
    func(*job_args, **job_kwargs)
  File "/Users/jihoon/Downloads/SWE/main-svr/backend/swe/cronjobs.py", line 8, in reset_daily_view
    print("Time: " + timezone.now() + "Reset Daily View")
TypeError: can only concatenate str (not "datetime.datetime") to str
Failed to complete cronjob at ('* 0 * * *', 'swe.cronjobs.reset_daily_view', '>> /Users/jihoon/Downloads/SWE/main-svr/backend/config/../log/reset_daily_view_cronjob.log')
Traceback (most recent call last):
  File "/Library/Frameworks/Python.framework/Versions/3.8/lib/python3.8/site-packages/django_crontab/crontab.py", line 145, in run_job
    func(*job_args, **job_kwargs)
  File "/Users/jihoon/Downloads/SWE/main-svr/backend/swe/cronjobs.py", line 8, in reset_daily_view
    print("Time: " + timezone.now() + "Reset Daily View")
TypeError: can only concatenate str (not "datetime.datetime") to str
Failed to complete cronjob at ('* 0 * * *', 'swe.cronjobs.reset_daily_view', '>> /Users/jihoon/Downloads/SWE/main-svr/backend/config/../log/reset_daily_view_cronjob.log')
Traceback (most recent call last):
  File "/Library/Frameworks/Python.framework/Versions/3.8/lib/python3.8/site-packages/django_crontab/crontab.py", line 145, in run_job
    func(*job_args, **job_kwargs)
  File "/Users/jihoon/Downloads/SWE/main-svr/backend/swe/cronjobs.py", line 8, in reset_daily_view
    print("Time: " + timezone.now() + "Reset Daily View")
TypeError: can only concatenate str (not "datetime.datetime") to str
Failed to complete cronjob at ('* 0 * * *', 'swe.cronjobs.reset_daily_view', '>> /Users/jihoon/Downloads/SWE/main-svr/backend/config/../log/reset_daily_view_cronjob.log')
Traceback (most recent call last):
  File "/Library/Frameworks/Python.framework/Versions/3.8/lib/python3.8/site-packages/django_crontab/crontab.py", line 145, in run_job
    func(*job_args, **job_kwargs)
  File "/Users/jihoon/Downloads/SWE/main-svr/backend/swe/cronjobs.py", line 8, in reset_daily_view
    print("Time: " + timezone.now() + "Reset Daily View")
TypeError: can only concatenate str (not "datetime.datetime") to str
Failed to complete cronjob at ('* 0 * * *', 'swe.cronjobs.reset_daily_view', '>> /Users/jihoon/Downloads/SWE/main-svr/backend/config/../log/reset_daily_view_cronjob.log')
Traceback (most recent call last):
  File "/Library/Frameworks/Python.framework/Versions/3.8/lib/python3.8/site-packages/django_crontab/crontab.py", line 145, in run_job
    func(*job_args, **job_kwargs)
  File "/Users/jihoon/Downloads/SWE/main-svr/backend/swe/cronjobs.py", line 8, in reset_daily_view
    print("Time: " + timezone.now() + "Reset Daily View")
TypeError: can only concatenate str (not "datetime.datetime") to str
Failed to complete cronjob at ('* 0 * * *', 'swe.cronjobs.reset_daily_view', '>> /Users/jihoon/Downloads/SWE/main-svr/backend/config/../log/reset_daily_view_cronjob.log')
Traceback (most recent call last):
  File "/Library/Frameworks/Python.framework/Versions/3.8/lib/python3.8/site-packages/django_crontab/crontab.py", line 145, in run_job
    func(*job_args, **job_kwargs)
  File "/Users/jihoon/Downloads/SWE/main-svr/backend/swe/cronjobs.py", line 8, in reset_daily_view
    print("Time: " + timezone.now() + "Reset Daily View")
TypeError: can only concatenate str (not "datetime.datetime") to str
Failed to complete cronjob at ('* 0 * * *', 'swe.cronjobs.reset_daily_view', '>> /Users/jihoon/Downloads/SWE/main-svr/backend/config/../log/reset_daily_view_cronjob.log')
Traceback (most recent call last):
  File "/Library/Frameworks/Python.framework/Versions/3.8/lib/python3.8/site-packages/django_crontab/crontab.py", line 145, in run_job
    func(*job_args, **job_kwargs)
  File "/Users/jihoon/Downloads/SWE/main-svr/backend/swe/cronjobs.py", line 8, in reset_daily_view
    print("Time: " + timezone.now() + "Reset Daily View")
TypeError: can only concatenate str (not "datetime.datetime") to str
Failed to complete cronjob at ('* 0 * * *', 'swe.cronjobs.reset_daily_view', '>> /Users/jihoon/Downloads/SWE/main-svr/backend/config/../log/reset_daily_view_cronjob.log')
Traceback (most recent call last):
  File "/Library/Frameworks/Python.framework/Versions/3.8/lib/python3.8/site-packages/django_crontab/crontab.py", line 145, in run_job
    func(*job_args, **job_kwargs)
  File "/Users/jihoon/Downloads/SWE/main-svr/backend/swe/cronjobs.py", line 8, in reset_daily_view
    print("Time: " + timezone.now() + "Reset Daily View")
TypeError: can only concatenate str (not "datetime.datetime") to str
Failed to complete cronjob at ('* 0 * * *', 'swe.cronjobs.reset_daily_view', '>> /Users/jihoon/Downloads/SWE/main-svr/backend/config/../log/reset_daily_view_cronjob.log')
Traceback (most recent call last):
  File "/Library/Frameworks/Python.framework/Versions/3.8/lib/python3.8/site-packages/django_crontab/crontab.py", line 145, in run_job
    func(*job_args, **job_kwargs)
  File "/Users/jihoon/Downloads/SWE/main-svr/backend/swe/cronjobs.py", line 8, in reset_daily_view
    print("Time: " + timezone.now() + "Reset Daily View")
TypeError: can only concatenate str (not "datetime.datetime") to str
Failed to complete cronjob at ('* 0 * * *', 'swe.cronjobs.reset_daily_view', '>> /Users/jihoon/Downloads/SWE/main-svr/backend/config/../log/reset_daily_view_cronjob.log')
Traceback (most recent call last):
  File "/Library/Frameworks/Python.framework/Versions/3.8/lib/python3.8/site-packages/django_crontab/crontab.py", line 145, in run_job
    func(*job_args, **job_kwargs)
  File "/Users/jihoon/Downloads/SWE/main-svr/backend/swe/cronjobs.py", line 8, in reset_daily_view
    print("Time: " + timezone.now() + "Reset Daily View")
TypeError: can only concatenate str (not "datetime.datetime") to str
Failed to complete cronjob at ('* 0 * * *', 'swe.cronjobs.reset_daily_view', '>> /Users/jihoon/Downloads/SWE/main-svr/backend/config/../log/reset_daily_view_cronjob.log')
Traceback (most recent call last):
  File "/Library/Frameworks/Python.framework/Versions/3.8/lib/python3.8/site-packages/django_crontab/crontab.py", line 145, in run_job
    func(*job_args, **job_kwargs)
  File "/Users/jihoon/Downloads/SWE/main-svr/backend/swe/cronjobs.py", line 8, in reset_daily_view
    print("Time: " + timezone.now() + "Reset Daily View")
TypeError: can only concatenate str (not "datetime.datetime") to str
Failed to complete cronjob at ('* 0 * * *', 'swe.cronjobs.reset_daily_view', '>> /Users/jihoon/Downloads/SWE/main-svr/backend/config/../log/reset_daily_view_cronjob.log')
Traceback (most recent call last):
  File "/Library/Frameworks/Python.framework/Versions/3.8/lib/python3.8/site-packages/django_crontab/crontab.py", line 145, in run_job
    func(*job_args, **job_kwargs)
  File "/Users/jihoon/Downloads/SWE/main-svr/backend/swe/cronjobs.py", line 8, in reset_daily_view
    print("Time: " + timezone.now() + "Reset Daily View")
TypeError: can only concatenate str (not "datetime.datetime") to str
Failed to complete cronjob at ('* 0 * * *', 'swe.cronjobs.reset_daily_view', '>> /Users/jihoon/Downloads/SWE/main-svr/backend/config/../log/reset_daily_view_cronjob.log')
Traceback (most recent call last):
  File "/Library/Frameworks/Python.framework/Versions/3.8/lib/python3.8/site-packages/django_crontab/crontab.py", line 145, in run_job
    func(*job_args, **job_kwargs)
  File "/Users/jihoon/Downloads/SWE/main-svr/backend/swe/cronjobs.py", line 8, in reset_daily_view
    print("Time: " + timezone.now() + "Reset Daily View")
TypeError: can only concatenate str (not "datetime.datetime") to str
Failed to complete cronjob at ('* 0 * * *', 'swe.cronjobs.reset_daily_view', '>> /Users/jihoon/Downloads/SWE/main-svr/backend/config/../log/reset_daily_view_cronjob.log')
Traceback (most recent call last):
  File "/Library/Frameworks/Python.framework/Versions/3.8/lib/python3.8/site-packages/django_crontab/crontab.py", line 145, in run_job
    func(*job_args, **job_kwargs)
  File "/Users/jihoon/Downloads/SWE/main-svr/backend/swe/cronjobs.py", line 8, in reset_daily_view
    print("Time: " + timezone.now() + "Reset Daily View")
TypeError: can only concatenate str (not "datetime.datetime") to str
Time: 2021-11-23 00:00:00.623866+00:00 Reset Daily View
Time: 2021-11-24 00:00:00.534307+00:00 Reset Daily View
Time: 2021-11-25 00:00:00.127846+00:00 Reset Daily View
Time: 2021-11-26 00:00:00.692235+00:00 Reset Daily View
Time: 2021-11-27 00:00:00.273492+00:00 Reset Daily View
Time: 2021-11-28 00:00:00.884898+00:00 Reset Daily View
Time: 2021-12-01 15:00:04.310079+00:00 Reset Daily View
Time: 2021-12-01 15:01:04.172843+00:00 Reset Daily View
Time: 2021-12-01 15:02:04.561392+00:00 Reset Daily View
Time: 2021-12-01 15:03:04.456519+00:00 Reset Daily View
Time: 2021-12-01 15:04:04.770716+00:00 Reset Daily View
Time: 2021-12-01 15:05:04.329050+00:00 Reset Daily View
Time: 2021-12-01 15:06:04.783815+00:00 Reset Daily View
Time: 2021-12-01 15:07:04.578374+00:00 Reset Daily View
Time: 2021-12-01 15:08:05.390294+00:00 Reset Daily View
Time: 2021-12-01 15:09:04.976767+00:00 Reset Daily View
Time: 2021-12-01 15:10:04.973666+00:00 Reset Daily View
Time: 2021-12-01 15:41:06.366427+00:00 Reset Daily View
Time: 2021-12-01 15:42:06.015895+00:00 Reset Daily View
Time: 2021-12-01 15:43:06.277778+00:00 Reset Daily View
Time: 2021-12-01 15:44:05.568520+00:00 Reset Daily View
Time: 2021-12-01 15:45:06.669381+00:00 Reset Daily View
Time: 2021-12-01 15:46:05.842616+00:00 Reset Daily View
Time: 2021-12-01 15:47:06.140673+00:00 Reset Daily View
Time: 2021-12-01 15:48:06.322033+00:00 Reset Daily View
Time: 2021-12-01 15:49:06.439097+00:00 Reset Daily View
Time: 2021-12-01 15:50:06.666222+00:00 Reset Daily View
Time: 2021-12-01 15:51:05.879602+00:00 Reset Daily View
Time: 2021-12-01 15:52:06.169303+00:00 Reset Daily View
Time: 2021-12-01 15:53:06.338648+00:00 Reset Daily View
Time: 2021-12-01 15:54:06.514583+00:00 Reset Daily View
Time: 2021-12-01 15:55:06.587064+00:00 Reset Daily View
Time: 2021-12-01 15:56:05.191920+00:00 Reset Daily View
Time: 2021-12-01 15:57:06.366182+00:00 Reset Daily View
Time: 2021-12-01 15:58:06.529877+00:00 Reset Daily View
Time: 2021-12-02 15:00:02.054191+00:00 Reset Daily View
Time: 2021-12-02 15:01:01.513798+00:00 Reset Daily View
Time: 2021-12-02 15:02:01.558033+00:00 Reset Daily View
Time: 2021-12-02 15:03:01.993646+00:00 Reset Daily View
Time: 2021-12-02 15:04:01.842916+00:00 Reset Daily View
Time: 2021-12-02 15:05:00.998863+00:00 Reset Daily View
Time: 2021-12-02 15:06:01.652791+00:00 Reset Daily View
Time: 2021-12-02 15:07:01.597802+00:00 Reset Daily View
Time: 2021-12-02 15:08:01.615835+00:00 Reset Daily View
Time: 2021-12-02 15:09:01.895579+00:00 Reset Daily View
Time: 2021-12-02 15:10:01.243856+00:00 Reset Daily View
Time: 2021-12-02 15:11:01.563318+00:00 Reset Daily View
Time: 2021-12-02 15:41:04.356227+00:00 Reset Daily View
Time: 2021-12-02 15:42:06.305406+00:00 Reset Daily View
Time: 2021-12-02 15:43:05.662013+00:00 Reset Daily View
Time: 2021-12-02 15:44:03.372533+00:00 Reset Daily View
Time: 2021-12-02 15:45:04.127068+00:00 Reset Daily View
Time: 2021-12-02 15:46:03.590976+00:00 Reset Daily View
Time: 2021-12-02 15:47:03.627421+00:00 Reset Daily View
Time: 2021-12-02 15:48:03.426694+00:00 Reset Daily View
Time: 2021-12-02 15:49:03.273102+00:00 Reset Daily View
Time: 2021-12-02 15:50:03.373504+00:00 Reset Daily View
Time: 2021-12-02 15:51:03.142011+00:00 Reset Daily View
Time: 2021-12-02 15:52:03.026273+00:00 Reset Daily View
Time: 2021-12-02 15:53:03.118220+00:00 Reset Daily View
Time: 2021-12-02 15:54:03.153427+00:00 Reset Daily View
Time: 2021-12-02 15:55:03.400823+00:00 Reset Daily View
Time: 2021-12-02 15:56:03.202029+00:00 Reset Daily View
Time: 2021-12-02 15:57:02.606413+00:00 Reset Daily View
Time: 2021-12-02 15:58:02.918283+00:00 Reset Daily View
Time: 2021-12-02 15:59:01.977098+00:00 Reset Daily View
